<?xml version="1.0" encoding="UTF-8"?>
<!-- Generated by org.testng.reporters.JUnitReportReporter -->
<testsuite hostname="LAPTOP-KB6UDKRL" failures="0" tests="1" name="scriptsContacts.TC_16_ComplexScenarioTest" time="10.241" errors="0" timestamp="2021-11-29T16:25:32 IST" skipped="0">
  <testcase classname="scriptsContacts.TC_16_ComplexScenarioTest" name="complexScenario" time="10.241"/>
  <system-out/>
</testsuite> <!-- scriptsContacts.TC_16_ComplexScenarioTest -->
