<?xml version="1.0" encoding="UTF-8"?>
<!-- Generated by org.testng.reporters.JUnitReportReporter -->
<testsuite hostname="LAPTOP-KB6UDKRL" failures="0" tests="1" name="Practice.Cricbuzz" time="15.245" errors="0" timestamp="2021-12-09T15:51:59 IST" skipped="0">
  <testcase classname="Practice.Cricbuzz" name="wicketTaken" time="15.245"/>
  <system-out/>
</testsuite> <!-- Practice.Cricbuzz -->
