<?xml version="1.0" encoding="UTF-8"?>
<!-- Generated by org.testng.reporters.JUnitReportReporter -->
<testsuite hostname="LAPTOP-KB6UDKRL" failures="0" tests="1" name="scriptsContacts.TC_12_createcontact_assignedTo_Teamselling_Group" time="11.863" errors="0" timestamp="2021-10-21T15:15:16 IST" skipped="0">
  <testcase classname="scriptsContacts.TC_12_createcontact_assignedTo_Teamselling_Group" name="createcontact_assignedTo_Teamselling_Group" time="11.863"/>
  <system-out/>
</testsuite> <!-- scriptsContacts.TC_12_createcontact_assignedTo_Teamselling_Group -->
