<?xml version="1.0" encoding="UTF-8"?>
<!-- Generated by org.testng.reporters.JUnitReportReporter -->
<testsuite hostname="LAPTOP-KB6UDKRL" failures="0" tests="1" name="Practice.irctcTest" time="56.313" errors="0" timestamp="2021-11-26T17:55:04 IST" skipped="0">
  <testcase classname="Practice.irctcTest" name="searchTrain" time="56.313"/>
  <system-out/>
</testsuite> <!-- Practice.irctcTest -->
