<?xml version="1.0" encoding="UTF-8"?>
<!-- Generated by org.testng.reporters.JUnitReportReporter -->
<testsuite hostname="LAPTOP-KB6UDKRL" failures="0" tests="1" name="Practice.AlertPopUp" time="187.903" errors="0" timestamp="2021-12-13T15:34:17 IST" skipped="0">
  <testcase classname="Practice.AlertPopUp" name="alert" time="187.903"/>
  <system-out/>
</testsuite> <!-- Practice.AlertPopUp -->
