<?xml version="1.0" encoding="UTF-8"?>
<!-- Generated by org.testng.reporters.JUnitReportReporter -->
<testsuite hostname="LAPTOP-KB6UDKRL" failures="0" tests="1" name="Practice.AutoSuggestion" time="11.516" errors="0" timestamp="2021-12-17T10:46:18 IST" skipped="0">
  <testcase classname="Practice.AutoSuggestion" name="amazonSuggestion" time="11.516"/>
  <system-out/>
</testsuite> <!-- Practice.AutoSuggestion -->
